这个是error等级的日志
这个是critical等级的日志
这个是error等级的日志
这个是critical等级的日志
这个是error等级的日志
这个是critical等级的日志
这个是error等级的日志
这个是critical等级的日志
2020-02-12 20:58:55,724 - [02创建日志收集器.py-->line:66] - ERROR: 这个是error等级的日志
2020-02-12 20:58:55,724 - [02创建日志收集器.py-->line:67] - CRITICAL: 这个是critical等级的日志
2020-03-02 22:02:19,598 - [02创建日志收集器.py-->line:58] - DEBUG: 这个是debug等级的日志
2020-03-02 22:02:19,598 - [02创建日志收集器.py-->line:59] - INFO: 这个是info等级的日志
2020-03-02 22:02:19,599 - [02创建日志收集器.py-->line:61] - WARNING: 这个是warning等级的日志
2020-03-02 22:02:19,599 - [02创建日志收集器.py-->line:62] - ERROR: 这个是error等级的日志
2020-03-02 22:02:19,599 - [02创建日志收集器.py-->line:63] - CRITICAL: 这个是critical等级的日志
2020-03-02 22:03:37,936 - [02创建日志收集器.py-->line:58] - DEBUG: 这个是debug等级的日志
2020-03-02 22:03:37,936 - [02创建日志收集器.py-->line:59] - INFO: 这个是info等级的日志
2020-03-02 22:03:37,936 - [02创建日志收集器.py-->line:61] - WARNING: 这个是warning等级的日志
2020-03-02 22:03:37,937 - [02创建日志收集器.py-->line:62] - ERROR: 这个是error等级的日志
2020-03-02 22:03:37,937 - [02创建日志收集器.py-->line:63] - CRITICAL: 这个是critical等级的日志
